{"D:\\Belajar\\Synrgy\\Challenge\\Challenge 8\\Challenge 8\\server.js": {"path":"D:\\Belajar\\Synrgy\\Challenge\\Challenge 8\\Challenge 8\\server.js","statementMap":{"0":{"start":{"line":1,"column":16},"end":{"line":1,"column":34}},"1":{"start":{"line":2,"column":19},"end":{"line":2,"column":41}},"2":{"start":{"line":3,"column":18},"end":{"line":3,"column":47}},"3":{"start":{"line":4,"column":21},"end":{"line":4,"column":45}},"4":{"start":{"line":5,"column":24},"end":{"line":5,"column":49}},"5":{"start":{"line":7,"column":13},"end":{"line":7,"column":28}},"6":{"start":{"line":8,"column":15},"end":{"line":8,"column":46}},"7":{"start":{"line":10,"column":12},"end":{"line":10,"column":21}},"8":{"start":{"line":12,"column":0},"end":{"line":12,"column":24}},"9":{"start":{"line":13,"column":0},"end":{"line":13,"column":52}},"10":{"start":{"line":14,"column":0},"end":{"line":14,"column":16}},"11":{"start":{"line":17,"column":23},"end":{"line":17,"column":56}},"12":{"start":{"line":18,"column":20},"end":{"line":18,"column":48}},"13":{"start":{"line":22,"column":23},"end":{"line":22,"column":65}},"14":{"start":{"line":23,"column":22},"end":{"line":23,"column":60}},"15":{"start":{"line":24,"column":23},"end":{"line":24,"column":62}},"16":{"start":{"line":27,"column":19},"end":{"line":27,"column":48}},"17":{"start":{"line":35,"column":0},"end":{"line":35,"column":52}},"18":{"start":{"line":36,"column":0},"end":{"line":36,"column":107}},"19":{"start":{"line":37,"column":0},"end":{"line":37,"column":46}},"20":{"start":{"line":38,"column":0},"end":{"line":38,"column":70}},"21":{"start":{"line":41,"column":0},"end":{"line":41,"column":91}},"22":{"start":{"line":42,"column":0},"end":{"line":42,"column":102}},"23":{"start":{"line":45,"column":0},"end":{"line":45,"column":67}},"24":{"start":{"line":46,"column":0},"end":{"line":46,"column":92}},"25":{"start":{"line":47,"column":0},"end":{"line":47,"column":112}},"26":{"start":{"line":48,"column":0},"end":{"line":48,"column":95}},"27":{"start":{"line":49,"column":0},"end":{"line":49,"column":98}},"28":{"start":{"line":52,"column":0},"end":{"line":52,"column":72}},"29":{"start":{"line":53,"column":0},"end":{"line":55,"column":3}},"30":{"start":{"line":54,"column":2},"end":{"line":54,"column":95}}},"fnMap":{"0":{"name":"(anonymous_0)","decl":{"start":{"line":53,"column":37},"end":{"line":53,"column":38}},"loc":{"start":{"line":53,"column":43},"end":{"line":55,"column":1}},"line":53}},"branchMap":{"0":{"loc":{"start":{"line":53,"column":11},"end":{"line":53,"column":35}},"type":"binary-expr","locations":[{"start":{"line":53,"column":11},"end":{"line":53,"column":27}},{"start":{"line":53,"column":31},"end":{"line":53,"column":35}}],"line":53},"1":{"loc":{"start":{"line":54,"column":67},"end":{"line":54,"column":91}},"type":"binary-expr","locations":[{"start":{"line":54,"column":67},"end":{"line":54,"column":83}},{"start":{"line":54,"column":87},"end":{"line":54,"column":91}}],"line":54}},"s":{"0":1,"1":1,"2":1,"3":1,"4":1,"5":1,"6":1,"7":1,"8":1,"9":1,"10":1,"11":1,"12":1,"13":1,"14":1,"15":1,"16":1,"17":1,"18":1,"19":1,"20":1,"21":1,"22":1,"23":1,"24":1,"25":1,"26":1,"27":1,"28":1,"29":1,"30":1},"f":{"0":1},"b":{"0":[1,0],"1":[1,0]},"_coverageSchema":"1a1c01bbd47fc00a2c39e90264f33305004495a9","hash":"848705862a8bc8b2401585e4fcdf1cd00442a12c"}
,"D:\\Belajar\\Synrgy\\Challenge\\Challenge 8\\Challenge 8\\config\\cloudinary.js": {"path":"D:\\Belajar\\Synrgy\\Challenge\\Challenge 8\\Challenge 8\\config\\cloudinary.js","statementMap":{"0":{"start":{"line":1,"column":19},"end":{"line":1,"column":43}},"1":{"start":{"line":3,"column":0},"end":{"line":8,"column":3}},"2":{"start":{"line":10,"column":0},"end":{"line":10,"column":28}}},"fnMap":{},"branchMap":{},"s":{"0":1,"1":1,"2":1},"f":{},"b":{},"_coverageSchema":"1a1c01bbd47fc00a2c39e90264f33305004495a9","hash":"57d99c7e8f7dd2e015b808865c9e6afe8c71f6e0"}
,"D:\\Belajar\\Synrgy\\Challenge\\Challenge 8\\Challenge 8\\config\\config.js": {"path":"D:\\Belajar\\Synrgy\\Challenge\\Challenge 8\\Challenge 8\\config\\config.js","statementMap":{"0":{"start":{"line":1,"column":0},"end":{"line":1,"column":27}},"1":{"start":{"line":3,"column":0},"end":{"line":28,"column":2}}},"fnMap":{},"branchMap":{},"s":{"0":1,"1":1},"f":{},"b":{},"_coverageSchema":"1a1c01bbd47fc00a2c39e90264f33305004495a9","hash":"ffec7d93405bacc4bfafe51e17e8e4d45d00655c"}
,"D:\\Belajar\\Synrgy\\Challenge\\Challenge 8\\Challenge 8\\controllers\\authController.js": {"path":"D:\\Belajar\\Synrgy\\Challenge\\Challenge 8\\Challenge 8\\controllers\\authController.js","statementMap":{"0":{"start":{"line":1,"column":20},"end":{"line":1,"column":54}},"1":{"start":{"line":3,"column":17},"end":{"line":17,"column":1}},"2":{"start":{"line":4,"column":42},"end":{"line":4,"column":50}},"3":{"start":{"line":5,"column":49},"end":{"line":10,"column":4}},"4":{"start":{"line":12,"column":2},"end":{"line":16,"column":5}},"5":{"start":{"line":18,"column":22},"end":{"line":32,"column":1}},"6":{"start":{"line":19,"column":42},"end":{"line":19,"column":50}},"7":{"start":{"line":20,"column":49},"end":{"line":25,"column":4}},"8":{"start":{"line":27,"column":2},"end":{"line":31,"column":5}},"9":{"start":{"line":34,"column":14},"end":{"line":47,"column":1}},"10":{"start":{"line":35,"column":30},"end":{"line":35,"column":38}},"11":{"start":{"line":37,"column":49},"end":{"line":40,"column":4}},"12":{"start":{"line":42,"column":2},"end":{"line":46,"column":5}},"13":{"start":{"line":49,"column":17},"end":{"line":59,"column":1}},"14":{"start":{"line":50,"column":19},"end":{"line":50,"column":27}},"15":{"start":{"line":52,"column":2},"end":{"line":58,"column":5}},"16":{"start":{"line":61,"column":0},"end":{"line":61,"column":62}}},"fnMap":{"0":{"name":"(anonymous_0)","decl":{"start":{"line":3,"column":17},"end":{"line":3,"column":18}},"loc":{"start":{"line":3,"column":43},"end":{"line":17,"column":1}},"line":3},"1":{"name":"(anonymous_1)","decl":{"start":{"line":18,"column":22},"end":{"line":18,"column":23}},"loc":{"start":{"line":18,"column":48},"end":{"line":32,"column":1}},"line":18},"2":{"name":"(anonymous_2)","decl":{"start":{"line":34,"column":14},"end":{"line":34,"column":15}},"loc":{"start":{"line":34,"column":34},"end":{"line":47,"column":1}},"line":34},"3":{"name":"(anonymous_3)","decl":{"start":{"line":49,"column":17},"end":{"line":49,"column":18}},"loc":{"start":{"line":49,"column":43},"end":{"line":59,"column":1}},"line":49}},"branchMap":{},"s":{"0":1,"1":1,"2":0,"3":0,"4":0,"5":1,"6":0,"7":0,"8":0,"9":1,"10":0,"11":0,"12":0,"13":1,"14":0,"15":0,"16":1},"f":{"0":0,"1":0,"2":0,"3":0},"b":{},"_coverageSchema":"1a1c01bbd47fc00a2c39e90264f33305004495a9","hash":"87f42733eaf1dd33f7df9c1619d016a5638b4181"}
,"D:\\Belajar\\Synrgy\\Challenge\\Challenge 8\\Challenge 8\\controllers\\carController.js": {"path":"D:\\Belajar\\Synrgy\\Challenge\\Challenge 8\\Challenge 8\\controllers\\carController.js","statementMap":{"0":{"start":{"line":1,"column":19},"end":{"line":1,"column":52}},"1":{"start":{"line":2,"column":19},"end":{"line":2,"column":50}},"2":{"start":{"line":4,"column":15},"end":{"line":38,"column":1}},"3":{"start":{"line":5,"column":23},"end":{"line":5,"column":31}},"4":{"start":{"line":6,"column":84},"end":{"line":6,"column":92}},"5":{"start":{"line":7,"column":20},"end":{"line":7,"column":33}},"6":{"start":{"line":8,"column":18},"end":{"line":8,"column":29}},"7":{"start":{"line":10,"column":21},"end":{"line":10,"column":59}},"8":{"start":{"line":11,"column":15},"end":{"line":11,"column":67}},"9":{"start":{"line":12,"column":2},"end":{"line":37,"column":5}},"10":{"start":{"line":13,"column":4},"end":{"line":17,"column":5}},"11":{"start":{"line":14,"column":6},"end":{"line":14,"column":82}},"12":{"start":{"line":16,"column":6},"end":{"line":16,"column":13}},"13":{"start":{"line":18,"column":51},"end":{"line":30,"column":6}},"14":{"start":{"line":32,"column":4},"end":{"line":36,"column":7}},"15":{"start":{"line":40,"column":24},"end":{"line":48,"column":1}},"16":{"start":{"line":41,"column":20},"end":{"line":41,"column":24}},"17":{"start":{"line":42,"column":49},"end":{"line":42,"column":96}},"18":{"start":{"line":43,"column":2},"end":{"line":47,"column":5}},"19":{"start":{"line":50,"column":19},"end":{"line":60,"column":1}},"20":{"start":{"line":51,"column":17},"end":{"line":51,"column":27}},"21":{"start":{"line":52,"column":20},"end":{"line":52,"column":33}},"22":{"start":{"line":53,"column":49},"end":{"line":53,"column":95}},"23":{"start":{"line":55,"column":2},"end":{"line":59,"column":5}},"24":{"start":{"line":62,"column":15},"end":{"line":69,"column":1}},"25":{"start":{"line":63,"column":49},"end":{"line":63,"column":74}},"26":{"start":{"line":64,"column":2},"end":{"line":68,"column":5}},"27":{"start":{"line":71,"column":16},"end":{"line":80,"column":1}},"28":{"start":{"line":72,"column":17},"end":{"line":72,"column":27}},"29":{"start":{"line":73,"column":20},"end":{"line":73,"column":24}},"30":{"start":{"line":74,"column":49},"end":{"line":74,"column":92}},"31":{"start":{"line":75,"column":2},"end":{"line":79,"column":5}},"32":{"start":{"line":82,"column":19},"end":{"line":116,"column":1}},"33":{"start":{"line":83,"column":17},"end":{"line":83,"column":27}},"34":{"start":{"line":84,"column":23},"end":{"line":84,"column":31}},"35":{"start":{"line":85,"column":93},"end":{"line":85,"column":101}},"36":{"start":{"line":86,"column":20},"end":{"line":86,"column":33}},"37":{"start":{"line":87,"column":21},"end":{"line":87,"column":59}},"38":{"start":{"line":88,"column":15},"end":{"line":88,"column":67}},"39":{"start":{"line":90,"column":2},"end":{"line":115,"column":5}},"40":{"start":{"line":91,"column":4},"end":{"line":95,"column":5}},"41":{"start":{"line":92,"column":6},"end":{"line":92,"column":82}},"42":{"start":{"line":94,"column":6},"end":{"line":94,"column":13}},"43":{"start":{"line":96,"column":51},"end":{"line":108,"column":6}},"44":{"start":{"line":110,"column":4},"end":{"line":114,"column":7}},"45":{"start":{"line":118,"column":0},"end":{"line":118,"column":86}}},"fnMap":{"0":{"name":"(anonymous_0)","decl":{"start":{"line":4,"column":15},"end":{"line":4,"column":16}},"loc":{"start":{"line":4,"column":29},"end":{"line":38,"column":1}},"line":4},"1":{"name":"(anonymous_1)","decl":{"start":{"line":12,"column":35},"end":{"line":12,"column":36}},"loc":{"start":{"line":12,"column":58},"end":{"line":37,"column":3}},"line":12},"2":{"name":"(anonymous_2)","decl":{"start":{"line":40,"column":24},"end":{"line":40,"column":25}},"loc":{"start":{"line":40,"column":44},"end":{"line":48,"column":1}},"line":40},"3":{"name":"(anonymous_3)","decl":{"start":{"line":50,"column":19},"end":{"line":50,"column":20}},"loc":{"start":{"line":50,"column":39},"end":{"line":60,"column":1}},"line":50},"4":{"name":"(anonymous_4)","decl":{"start":{"line":62,"column":15},"end":{"line":62,"column":16}},"loc":{"start":{"line":62,"column":35},"end":{"line":69,"column":1}},"line":62},"5":{"name":"(anonymous_5)","decl":{"start":{"line":71,"column":16},"end":{"line":71,"column":17}},"loc":{"start":{"line":71,"column":36},"end":{"line":80,"column":1}},"line":71},"6":{"name":"(anonymous_6)","decl":{"start":{"line":82,"column":19},"end":{"line":82,"column":20}},"loc":{"start":{"line":82,"column":33},"end":{"line":116,"column":1}},"line":82},"7":{"name":"(anonymous_7)","decl":{"start":{"line":90,"column":35},"end":{"line":90,"column":36}},"loc":{"start":{"line":90,"column":58},"end":{"line":115,"column":3}},"line":90}},"branchMap":{"0":{"loc":{"start":{"line":13,"column":4},"end":{"line":17,"column":5}},"type":"if","locations":[{"start":{"line":13,"column":4},"end":{"line":17,"column":5}},{"start":{},"end":{}}],"line":13},"1":{"loc":{"start":{"line":91,"column":4},"end":{"line":95,"column":5}},"type":"if","locations":[{"start":{"line":91,"column":4},"end":{"line":95,"column":5}},{"start":{},"end":{}}],"line":91}},"s":{"0":1,"1":1,"2":1,"3":0,"4":0,"5":0,"6":0,"7":0,"8":0,"9":0,"10":0,"11":0,"12":0,"13":0,"14":0,"15":1,"16":0,"17":0,"18":0,"19":1,"20":0,"21":0,"22":0,"23":0,"24":1,"25":0,"26":0,"27":1,"28":0,"29":0,"30":0,"31":0,"32":1,"33":0,"34":0,"35":0,"36":0,"37":0,"38":0,"39":0,"40":0,"41":0,"42":0,"43":0,"44":0,"45":1},"f":{"0":0,"1":0,"2":0,"3":0,"4":0,"5":0,"6":0,"7":0},"b":{"0":[0,0],"1":[0,0]},"_coverageSchema":"1a1c01bbd47fc00a2c39e90264f33305004495a9","hash":"35e06d02625b5953eee4fc75a497f32c2c18906c"}
,"D:\\Belajar\\Synrgy\\Challenge\\Challenge 8\\Challenge 8\\controllers\\userController.js": {"path":"D:\\Belajar\\Synrgy\\Challenge\\Challenge 8\\Challenge 8\\controllers\\userController.js","statementMap":{"0":{"start":{"line":1,"column":20},"end":{"line":1,"column":54}},"1":{"start":{"line":3,"column":15},"end":{"line":11,"column":1}},"2":{"start":{"line":4,"column":49},"end":{"line":4,"column":75}},"3":{"start":{"line":6,"column":2},"end":{"line":10,"column":5}},"4":{"start":{"line":13,"column":19},"end":{"line":23,"column":1}},"5":{"start":{"line":14,"column":17},"end":{"line":14,"column":27}},"6":{"start":{"line":16,"column":49},"end":{"line":16,"column":85}},"7":{"start":{"line":18,"column":2},"end":{"line":22,"column":5}},"8":{"start":{"line":25,"column":0},"end":{"line":25,"column":40}}},"fnMap":{"0":{"name":"(anonymous_0)","decl":{"start":{"line":3,"column":15},"end":{"line":3,"column":16}},"loc":{"start":{"line":3,"column":35},"end":{"line":11,"column":1}},"line":3},"1":{"name":"(anonymous_1)","decl":{"start":{"line":13,"column":19},"end":{"line":13,"column":20}},"loc":{"start":{"line":13,"column":39},"end":{"line":23,"column":1}},"line":13}},"branchMap":{},"s":{"0":1,"1":1,"2":0,"3":0,"4":1,"5":0,"6":0,"7":0,"8":1},"f":{"0":0,"1":0},"b":{},"_coverageSchema":"1a1c01bbd47fc00a2c39e90264f33305004495a9","hash":"10f82e7dc6d2f52836d67a811ab9c0c52f664faa"}
,"D:\\Belajar\\Synrgy\\Challenge\\Challenge 8\\Challenge 8\\helpers\\fileUpload.js": {"path":"D:\\Belajar\\Synrgy\\Challenge\\Challenge 8\\Challenge 8\\helpers\\fileUpload.js","statementMap":{"0":{"start":{"line":1,"column":15},"end":{"line":1,"column":32}},"1":{"start":{"line":3,"column":16},"end":{"line":19,"column":2}},"2":{"start":{"line":6,"column":4},"end":{"line":6,"column":28}},"3":{"start":{"line":9,"column":21},"end":{"line":9,"column":45}},"4":{"start":{"line":10,"column":21},"end":{"line":10,"column":49}},"5":{"start":{"line":11,"column":22},"end":{"line":11,"column":36}},"6":{"start":{"line":12,"column":21},"end":{"line":12,"column":47}},"7":{"start":{"line":14,"column":4},"end":{"line":14,"column":23}},"8":{"start":{"line":16,"column":4},"end":{"line":16,"column":83}},"9":{"start":{"line":16,"column":44},"end":{"line":16,"column":83}},"10":{"start":{"line":17,"column":4},"end":{"line":17,"column":49}},"11":{"start":{"line":21,"column":0},"end":{"line":21,"column":37}}},"fnMap":{"0":{"name":"(anonymous_0)","decl":{"start":{"line":5,"column":15},"end":{"line":5,"column":16}},"loc":{"start":{"line":5,"column":34},"end":{"line":7,"column":3}},"line":5},"1":{"name":"(anonymous_1)","decl":{"start":{"line":8,"column":12},"end":{"line":8,"column":13}},"loc":{"start":{"line":8,"column":31},"end":{"line":18,"column":3}},"line":8}},"branchMap":{"0":{"loc":{"start":{"line":16,"column":4},"end":{"line":16,"column":83}},"type":"if","locations":[{"start":{"line":16,"column":4},"end":{"line":16,"column":83}},{"start":{},"end":{}}],"line":16}},"s":{"0":1,"1":1,"2":0,"3":0,"4":0,"5":0,"6":0,"7":0,"8":0,"9":0,"10":0,"11":1},"f":{"0":0,"1":0},"b":{"0":[0,0]},"_coverageSchema":"1a1c01bbd47fc00a2c39e90264f33305004495a9","hash":"4a2ea39d2acc30a8c664edf204dd98456136c04a"}
,"D:\\Belajar\\Synrgy\\Challenge\\Challenge 8\\Challenge 8\\lib\\const.js": {"path":"D:\\Belajar\\Synrgy\\Challenge\\Challenge 8\\Challenge 8\\lib\\const.js","statementMap":{"0":{"start":{"line":1,"column":0},"end":{"line":4,"column":2}},"1":{"start":{"line":6,"column":0},"end":{"line":10,"column":2}}},"fnMap":{},"branchMap":{},"s":{"0":1,"1":1},"f":{},"b":{},"_coverageSchema":"1a1c01bbd47fc00a2c39e90264f33305004495a9","hash":"02cfd1b9ec72386c35e0b4ff497de7707765dc8c"}
,"D:\\Belajar\\Synrgy\\Challenge\\Challenge 8\\Challenge 8\\middlewares\\auth.js": {"path":"D:\\Belajar\\Synrgy\\Challenge\\Challenge 8\\Challenge 8\\middlewares\\auth.js","statementMap":{"0":{"start":{"line":1,"column":12},"end":{"line":1,"column":35}},"1":{"start":{"line":2,"column":16},"end":{"line":2,"column":39}},"2":{"start":{"line":3,"column":24},"end":{"line":3,"column":65}},"3":{"start":{"line":4,"column":18},"end":{"line":4,"column":41}},"4":{"start":{"line":6,"column":21},"end":{"line":35,"column":1}},"5":{"start":{"line":7,"column":21},"end":{"line":7,"column":45}},"6":{"start":{"line":8,"column":14},"end":{"line":8,"column":16}},"7":{"start":{"line":10,"column":2},"end":{"line":16,"column":7}},"8":{"start":{"line":10,"column":53},"end":{"line":10,"column":86}},"9":{"start":{"line":12,"column":4},"end":{"line":16,"column":7}},"10":{"start":{"line":18,"column":2},"end":{"line":34,"column":3}},"11":{"start":{"line":19,"column":22},"end":{"line":19,"column":51}},"12":{"start":{"line":21,"column":20},"end":{"line":21,"column":67}},"13":{"start":{"line":23,"column":4},"end":{"line":23,"column":23}},"14":{"start":{"line":25,"column":4},"end":{"line":25,"column":11}},"15":{"start":{"line":27,"column":4},"end":{"line":27,"column":11}},"16":{"start":{"line":29,"column":4},"end":{"line":33,"column":7}},"17":{"start":{"line":37,"column":16},"end":{"line":47,"column":1}},"18":{"start":{"line":38,"column":15},"end":{"line":38,"column":23}},"19":{"start":{"line":40,"column":2},"end":{"line":40,"column":81}},"20":{"start":{"line":40,"column":67},"end":{"line":40,"column":81}},"21":{"start":{"line":42,"column":2},"end":{"line":46,"column":5}},"22":{"start":{"line":48,"column":21},"end":{"line":58,"column":1}},"23":{"start":{"line":49,"column":15},"end":{"line":49,"column":23}},"24":{"start":{"line":51,"column":2},"end":{"line":51,"column":52}},"25":{"start":{"line":51,"column":38},"end":{"line":51,"column":52}},"26":{"start":{"line":53,"column":2},"end":{"line":57,"column":5}},"27":{"start":{"line":60,"column":0},"end":{"line":60,"column":57}}},"fnMap":{"0":{"name":"(anonymous_0)","decl":{"start":{"line":6,"column":21},"end":{"line":6,"column":22}},"loc":{"start":{"line":6,"column":47},"end":{"line":35,"column":1}},"line":6},"1":{"name":"(anonymous_1)","decl":{"start":{"line":37,"column":16},"end":{"line":37,"column":17}},"loc":{"start":{"line":37,"column":42},"end":{"line":47,"column":1}},"line":37},"2":{"name":"(anonymous_2)","decl":{"start":{"line":48,"column":21},"end":{"line":48,"column":22}},"loc":{"start":{"line":48,"column":47},"end":{"line":58,"column":1}},"line":48}},"branchMap":{"0":{"loc":{"start":{"line":10,"column":2},"end":{"line":16,"column":7}},"type":"if","locations":[{"start":{"line":10,"column":2},"end":{"line":16,"column":7}},{"start":{"line":12,"column":4},"end":{"line":16,"column":7}}],"line":10},"1":{"loc":{"start":{"line":10,"column":6},"end":{"line":10,"column":51}},"type":"binary-expr","locations":[{"start":{"line":10,"column":6},"end":{"line":10,"column":16}},{"start":{"line":10,"column":20},"end":{"line":10,"column":51}}],"line":10},"2":{"loc":{"start":{"line":40,"column":2},"end":{"line":40,"column":81}},"type":"if","locations":[{"start":{"line":40,"column":2},"end":{"line":40,"column":81}},{"start":{},"end":{}}],"line":40},"3":{"loc":{"start":{"line":40,"column":6},"end":{"line":40,"column":65}},"type":"binary-expr","locations":[{"start":{"line":40,"column":6},"end":{"line":40,"column":31}},{"start":{"line":40,"column":35},"end":{"line":40,"column":65}}],"line":40},"4":{"loc":{"start":{"line":51,"column":2},"end":{"line":51,"column":52}},"type":"if","locations":[{"start":{"line":51,"column":2},"end":{"line":51,"column":52}},{"start":{},"end":{}}],"line":51}},"s":{"0":1,"1":1,"2":1,"3":1,"4":1,"5":0,"6":0,"7":0,"8":0,"9":0,"10":0,"11":0,"12":0,"13":0,"14":0,"15":0,"16":0,"17":1,"18":0,"19":0,"20":0,"21":0,"22":1,"23":0,"24":0,"25":0,"26":0,"27":1},"f":{"0":0,"1":0,"2":0},"b":{"0":[0,0],"1":[0,0],"2":[0,0],"3":[0,0],"4":[0,0]},"_coverageSchema":"1a1c01bbd47fc00a2c39e90264f33305004495a9","hash":"31a6811350328dc9231b0d8db453e50eebe4e754"}
,"D:\\Belajar\\Synrgy\\Challenge\\Challenge 8\\Challenge 8\\models\\car.js": {"path":"D:\\Belajar\\Synrgy\\Challenge\\Challenge 8\\Challenge 8\\models\\car.js","statementMap":{"0":{"start":{"line":2,"column":18},"end":{"line":2,"column":38}},"1":{"start":{"line":3,"column":0},"end":{"line":36,"column":2}},"2":{"start":{"line":14,"column":2},"end":{"line":34,"column":4}},"3":{"start":{"line":35,"column":2},"end":{"line":35,"column":13}}},"fnMap":{"0":{"name":"(anonymous_0)","decl":{"start":{"line":3,"column":17},"end":{"line":3,"column":18}},"loc":{"start":{"line":3,"column":43},"end":{"line":36,"column":1}},"line":3},"1":{"name":"(anonymous_1)","decl":{"start":{"line":10,"column":4},"end":{"line":10,"column":5}},"loc":{"start":{"line":10,"column":29},"end":{"line":12,"column":5}},"line":10}},"branchMap":{},"s":{"0":1,"1":1,"2":1,"3":1},"f":{"0":1,"1":1},"b":{},"_coverageSchema":"1a1c01bbd47fc00a2c39e90264f33305004495a9","hash":"35ab74f5b4e58c68c46d6044e9b0bbc827546b1e"}
,"D:\\Belajar\\Synrgy\\Challenge\\Challenge 8\\Challenge 8\\models\\index.js": {"path":"D:\\Belajar\\Synrgy\\Challenge\\Challenge 8\\Challenge 8\\models\\index.js","statementMap":{"0":{"start":{"line":3,"column":11},"end":{"line":3,"column":24}},"1":{"start":{"line":4,"column":13},"end":{"line":4,"column":28}},"2":{"start":{"line":5,"column":18},"end":{"line":5,"column":38}},"3":{"start":{"line":6,"column":16},"end":{"line":6,"column":34}},"4":{"start":{"line":7,"column":17},"end":{"line":7,"column":42}},"5":{"start":{"line":8,"column":12},"end":{"line":8,"column":49}},"6":{"start":{"line":9,"column":15},"end":{"line":9,"column":63}},"7":{"start":{"line":10,"column":11},"end":{"line":10,"column":13}},"8":{"start":{"line":13,"column":0},"end":{"line":17,"column":1}},"9":{"start":{"line":14,"column":2},"end":{"line":14,"column":74}},"10":{"start":{"line":16,"column":2},"end":{"line":16,"column":87}},"11":{"start":{"line":19,"column":0},"end":{"line":26,"column":5}},"12":{"start":{"line":21,"column":4},"end":{"line":21,"column":84}},"13":{"start":{"line":24,"column":18},"end":{"line":24,"column":85}},"14":{"start":{"line":25,"column":4},"end":{"line":25,"column":27}},"15":{"start":{"line":28,"column":0},"end":{"line":32,"column":3}},"16":{"start":{"line":29,"column":2},"end":{"line":31,"column":3}},"17":{"start":{"line":30,"column":4},"end":{"line":30,"column":32}},"18":{"start":{"line":34,"column":0},"end":{"line":34,"column":25}},"19":{"start":{"line":35,"column":0},"end":{"line":35,"column":25}},"20":{"start":{"line":37,"column":0},"end":{"line":37,"column":20}}},"fnMap":{"0":{"name":"(anonymous_0)","decl":{"start":{"line":20,"column":10},"end":{"line":20,"column":11}},"loc":{"start":{"line":20,"column":20},"end":{"line":22,"column":3}},"line":20},"1":{"name":"(anonymous_1)","decl":{"start":{"line":23,"column":11},"end":{"line":23,"column":12}},"loc":{"start":{"line":23,"column":21},"end":{"line":26,"column":3}},"line":23},"2":{"name":"(anonymous_2)","decl":{"start":{"line":28,"column":24},"end":{"line":28,"column":25}},"loc":{"start":{"line":28,"column":39},"end":{"line":32,"column":1}},"line":28}},"branchMap":{"0":{"loc":{"start":{"line":8,"column":12},"end":{"line":8,"column":49}},"type":"binary-expr","locations":[{"start":{"line":8,"column":12},"end":{"line":8,"column":32}},{"start":{"line":8,"column":36},"end":{"line":8,"column":49}}],"line":8},"1":{"loc":{"start":{"line":13,"column":0},"end":{"line":17,"column":1}},"type":"if","locations":[{"start":{"line":13,"column":0},"end":{"line":17,"column":1}},{"start":{"line":15,"column":7},"end":{"line":17,"column":1}}],"line":13},"2":{"loc":{"start":{"line":21,"column":11},"end":{"line":21,"column":83}},"type":"binary-expr","locations":[{"start":{"line":21,"column":11},"end":{"line":21,"column":34}},{"start":{"line":21,"column":38},"end":{"line":21,"column":55}},{"start":{"line":21,"column":59},"end":{"line":21,"column":83}}],"line":21},"3":{"loc":{"start":{"line":29,"column":2},"end":{"line":31,"column":3}},"type":"if","locations":[{"start":{"line":29,"column":2},"end":{"line":31,"column":3}},{"start":{},"end":{}}],"line":29}},"s":{"0":1,"1":1,"2":1,"3":1,"4":1,"5":1,"6":1,"7":1,"8":1,"9":0,"10":1,"11":1,"12":3,"13":2,"14":2,"15":1,"16":2,"17":2,"18":1,"19":1,"20":1},"f":{"0":3,"1":2,"2":2},"b":{"0":[1,0],"1":[0,1],"2":[3,3,2],"3":[2,0]},"_coverageSchema":"1a1c01bbd47fc00a2c39e90264f33305004495a9","hash":"ee5dbd2d79da1b4521aa0ead1a4eed5ffb9de684"}
,"D:\\Belajar\\Synrgy\\Challenge\\Challenge 8\\Challenge 8\\models\\user.js": {"path":"D:\\Belajar\\Synrgy\\Challenge\\Challenge 8\\Challenge 8\\models\\user.js","statementMap":{"0":{"start":{"line":2,"column":18},"end":{"line":2,"column":38}},"1":{"start":{"line":3,"column":0},"end":{"line":27,"column":2}},"2":{"start":{"line":14,"column":2},"end":{"line":25,"column":4}},"3":{"start":{"line":26,"column":2},"end":{"line":26,"column":14}}},"fnMap":{"0":{"name":"(anonymous_0)","decl":{"start":{"line":3,"column":17},"end":{"line":3,"column":18}},"loc":{"start":{"line":3,"column":43},"end":{"line":27,"column":1}},"line":3},"1":{"name":"(anonymous_1)","decl":{"start":{"line":10,"column":4},"end":{"line":10,"column":5}},"loc":{"start":{"line":10,"column":29},"end":{"line":12,"column":5}},"line":10}},"branchMap":{},"s":{"0":1,"1":1,"2":1,"3":1},"f":{"0":1,"1":1},"b":{},"_coverageSchema":"1a1c01bbd47fc00a2c39e90264f33305004495a9","hash":"d164e800569197b702386f63258f14b00034b35b"}
,"D:\\Belajar\\Synrgy\\Challenge\\Challenge 8\\Challenge 8\\repositories\\carRepository.js": {"path":"D:\\Belajar\\Synrgy\\Challenge\\Challenge 8\\Challenge 8\\repositories\\carRepository.js","statementMap":{"0":{"start":{"line":1,"column":16},"end":{"line":1,"column":36}},"1":{"start":{"line":2,"column":18},"end":{"line":2,"column":38}},"2":{"start":{"line":3,"column":11},"end":{"line":3,"column":23}},"3":{"start":{"line":7,"column":23},"end":{"line":21,"column":6}},"4":{"start":{"line":23,"column":4},"end":{"line":23,"column":22}},"5":{"start":{"line":27,"column":19},"end":{"line":27,"column":55}},"6":{"start":{"line":28,"column":4},"end":{"line":28,"column":18}},"7":{"start":{"line":32,"column":19},"end":{"line":32,"column":38}},"8":{"start":{"line":33,"column":4},"end":{"line":33,"column":18}},"9":{"start":{"line":37,"column":22},"end":{"line":37,"column":65}},"10":{"start":{"line":38,"column":4},"end":{"line":38,"column":21}},"11":{"start":{"line":42,"column":22},"end":{"line":48,"column":5}},"12":{"start":{"line":49,"column":4},"end":{"line":49,"column":21}},"13":{"start":{"line":53,"column":22},"end":{"line":67,"column":5}},"14":{"start":{"line":68,"column":4},"end":{"line":68,"column":21}},"15":{"start":{"line":72,"column":0},"end":{"line":72,"column":31}}},"fnMap":{"0":{"name":"(anonymous_0)","decl":{"start":{"line":6,"column":2},"end":{"line":6,"column":3}},"loc":{"start":{"line":6,"column":118},"end":{"line":24,"column":3}},"line":6},"1":{"name":"(anonymous_1)","decl":{"start":{"line":26,"column":2},"end":{"line":26,"column":3}},"loc":{"start":{"line":26,"column":31},"end":{"line":29,"column":3}},"line":26},"2":{"name":"(anonymous_2)","decl":{"start":{"line":31,"column":2},"end":{"line":31,"column":3}},"loc":{"start":{"line":31,"column":24},"end":{"line":34,"column":3}},"line":31},"3":{"name":"(anonymous_3)","decl":{"start":{"line":36,"column":2},"end":{"line":36,"column":3}},"loc":{"start":{"line":36,"column":46},"end":{"line":39,"column":3}},"line":36},"4":{"name":"(anonymous_4)","decl":{"start":{"line":41,"column":2},"end":{"line":41,"column":3}},"loc":{"start":{"line":41,"column":45},"end":{"line":50,"column":3}},"line":41},"5":{"name":"(anonymous_5)","decl":{"start":{"line":52,"column":2},"end":{"line":52,"column":3}},"loc":{"start":{"line":52,"column":122},"end":{"line":69,"column":3}},"line":52}},"branchMap":{},"s":{"0":1,"1":1,"2":1,"3":0,"4":0,"5":0,"6":0,"7":0,"8":0,"9":0,"10":0,"11":0,"12":0,"13":0,"14":0,"15":1},"f":{"0":0,"1":0,"2":0,"3":0,"4":0,"5":0},"b":{},"_coverageSchema":"1a1c01bbd47fc00a2c39e90264f33305004495a9","hash":"2a83fb505346525bce64c89ed60a5226b55aad76"}
,"D:\\Belajar\\Synrgy\\Challenge\\Challenge 8\\Challenge 8\\repositories\\userRepository.js": {"path":"D:\\Belajar\\Synrgy\\Challenge\\Challenge 8\\Challenge 8\\repositories\\userRepository.js","statementMap":{"0":{"start":{"line":1,"column":17},"end":{"line":1,"column":37}},"1":{"start":{"line":5,"column":23},"end":{"line":10,"column":6}},"2":{"start":{"line":11,"column":4},"end":{"line":11,"column":22}},"3":{"start":{"line":15,"column":23},"end":{"line":15,"column":60}},"4":{"start":{"line":16,"column":4},"end":{"line":16,"column":22}},"5":{"start":{"line":20,"column":24},"end":{"line":20,"column":61}},"6":{"start":{"line":21,"column":4},"end":{"line":21,"column":23}},"7":{"start":{"line":25,"column":27},"end":{"line":25,"column":67}},"8":{"start":{"line":26,"column":4},"end":{"line":26,"column":26}},"9":{"start":{"line":30,"column":23},"end":{"line":30,"column":43}},"10":{"start":{"line":31,"column":4},"end":{"line":31,"column":22}},"11":{"start":{"line":35,"column":0},"end":{"line":35,"column":32}}},"fnMap":{"0":{"name":"(anonymous_0)","decl":{"start":{"line":4,"column":2},"end":{"line":4,"column":3}},"loc":{"start":{"line":4,"column":55},"end":{"line":12,"column":3}},"line":4},"1":{"name":"(anonymous_1)","decl":{"start":{"line":14,"column":2},"end":{"line":14,"column":3}},"loc":{"start":{"line":14,"column":34},"end":{"line":17,"column":3}},"line":14},"2":{"name":"(anonymous_2)","decl":{"start":{"line":19,"column":2},"end":{"line":19,"column":3}},"loc":{"start":{"line":19,"column":31},"end":{"line":22,"column":3}},"line":19},"3":{"name":"(anonymous_3)","decl":{"start":{"line":24,"column":2},"end":{"line":24,"column":3}},"loc":{"start":{"line":24,"column":37},"end":{"line":27,"column":3}},"line":24},"4":{"name":"(anonymous_4)","decl":{"start":{"line":29,"column":2},"end":{"line":29,"column":3}},"loc":{"start":{"line":29,"column":24},"end":{"line":32,"column":3}},"line":29}},"branchMap":{},"s":{"0":1,"1":1,"2":1,"3":0,"4":0,"5":0,"6":0,"7":0,"8":0,"9":0,"10":0,"11":1},"f":{"0":1,"1":0,"2":0,"3":0,"4":0},"b":{},"_coverageSchema":"1a1c01bbd47fc00a2c39e90264f33305004495a9","hash":"08096ce6916ac1506999748a3d80fa89412ce23c"}
,"D:\\Belajar\\Synrgy\\Challenge\\Challenge 8\\Challenge 8\\services\\authService.js": {"path":"D:\\Belajar\\Synrgy\\Challenge\\Challenge 8\\Challenge 8\\services\\authService.js","statementMap":{"0":{"start":{"line":1,"column":24},"end":{"line":1,"column":65}},"1":{"start":{"line":2,"column":15},"end":{"line":2,"column":32}},"2":{"start":{"line":3,"column":12},"end":{"line":3,"column":35}},"3":{"start":{"line":4,"column":23},"end":{"line":4,"column":46}},"4":{"start":{"line":5,"column":19},"end":{"line":5,"column":21}},"5":{"start":{"line":9,"column":4},"end":{"line":119,"column":5}},"6":{"start":{"line":10,"column":6},"end":{"line":19,"column":7}},"7":{"start":{"line":11,"column":8},"end":{"line":18,"column":10}},"8":{"start":{"line":20,"column":6},"end":{"line":29,"column":7}},"9":{"start":{"line":21,"column":8},"end":{"line":28,"column":10}},"10":{"start":{"line":30,"column":6},"end":{"line":48,"column":7}},"11":{"start":{"line":31,"column":8},"end":{"line":38,"column":10}},"12":{"start":{"line":39,"column":13},"end":{"line":48,"column":7}},"13":{"start":{"line":40,"column":8},"end":{"line":47,"column":10}},"14":{"start":{"line":49,"column":6},"end":{"line":58,"column":7}},"15":{"start":{"line":50,"column":8},"end":{"line":57,"column":10}},"16":{"start":{"line":60,"column":6},"end":{"line":109,"column":7}},"17":{"start":{"line":61,"column":31},"end":{"line":61,"column":78}},"18":{"start":{"line":63,"column":8},"end":{"line":99,"column":9}},"19":{"start":{"line":64,"column":33},"end":{"line":64,"column":72}},"20":{"start":{"line":65,"column":30},"end":{"line":70,"column":12}},"21":{"start":{"line":71,"column":10},"end":{"line":89,"column":11}},"22":{"start":{"line":72,"column":12},"end":{"line":79,"column":14}},"23":{"start":{"line":80,"column":17},"end":{"line":89,"column":11}},"24":{"start":{"line":81,"column":12},"end":{"line":88,"column":14}},"25":{"start":{"line":91,"column":10},"end":{"line":98,"column":12}},"26":{"start":{"line":101,"column":8},"end":{"line":108,"column":10}},"27":{"start":{"line":111,"column":6},"end":{"line":118,"column":8}},"28":{"start":{"line":123,"column":4},"end":{"line":210,"column":5}},"29":{"start":{"line":124,"column":6},"end":{"line":133,"column":7}},"30":{"start":{"line":125,"column":8},"end":{"line":132,"column":10}},"31":{"start":{"line":135,"column":6},"end":{"line":144,"column":7}},"32":{"start":{"line":136,"column":8},"end":{"line":143,"column":10}},"33":{"start":{"line":145,"column":6},"end":{"line":161,"column":7}},"34":{"start":{"line":146,"column":8},"end":{"line":153,"column":10}},"35":{"start":{"line":154,"column":13},"end":{"line":161,"column":7}},"36":{"start":{"line":155,"column":8},"end":{"line":160,"column":10}},"37":{"start":{"line":162,"column":6},"end":{"line":171,"column":7}},"38":{"start":{"line":163,"column":8},"end":{"line":170,"column":10}},"39":{"start":{"line":172,"column":29},"end":{"line":172,"column":76}},"40":{"start":{"line":174,"column":6},"end":{"line":200,"column":7}},"41":{"start":{"line":175,"column":31},"end":{"line":175,"column":70}},"42":{"start":{"line":176,"column":28},"end":{"line":181,"column":10}},"43":{"start":{"line":183,"column":8},"end":{"line":190,"column":10}},"44":{"start":{"line":192,"column":8},"end":{"line":199,"column":10}},"45":{"start":{"line":202,"column":6},"end":{"line":209,"column":8}},"46":{"start":{"line":214,"column":4},"end":{"line":304,"column":5}},"47":{"start":{"line":215,"column":6},"end":{"line":224,"column":7}},"48":{"start":{"line":216,"column":8},"end":{"line":223,"column":10}},"49":{"start":{"line":225,"column":6},"end":{"line":234,"column":7}},"50":{"start":{"line":226,"column":8},"end":{"line":233,"column":10}},"51":{"start":{"line":235,"column":6},"end":{"line":242,"column":7}},"52":{"start":{"line":236,"column":8},"end":{"line":241,"column":10}},"53":{"start":{"line":244,"column":29},"end":{"line":244,"column":76}},"54":{"start":{"line":246,"column":6},"end":{"line":253,"column":7}},"55":{"start":{"line":247,"column":8},"end":{"line":252,"column":10}},"56":{"start":{"line":254,"column":6},"end":{"line":294,"column":7}},"57":{"start":{"line":255,"column":8},"end":{"line":262,"column":10}},"58":{"start":{"line":264,"column":32},"end":{"line":264,"column":87}},"59":{"start":{"line":266,"column":8},"end":{"line":293,"column":9}},"60":{"start":{"line":267,"column":24},"end":{"line":276,"column":11}},"61":{"start":{"line":278,"column":10},"end":{"line":285,"column":12}},"62":{"start":{"line":287,"column":10},"end":{"line":292,"column":12}},"63":{"start":{"line":296,"column":6},"end":{"line":303,"column":8}},"64":{"start":{"line":307,"column":0},"end":{"line":307,"column":29}}},"fnMap":{"0":{"name":"(anonymous_0)","decl":{"start":{"line":8,"column":2},"end":{"line":8,"column":3}},"loc":{"start":{"line":8,"column":57},"end":{"line":120,"column":3}},"line":8},"1":{"name":"(anonymous_1)","decl":{"start":{"line":122,"column":2},"end":{"line":122,"column":3}},"loc":{"start":{"line":122,"column":62},"end":{"line":211,"column":3}},"line":122},"2":{"name":"(anonymous_2)","decl":{"start":{"line":213,"column":2},"end":{"line":213,"column":3}},"loc":{"start":{"line":213,"column":42},"end":{"line":305,"column":3}},"line":213}},"branchMap":{"0":{"loc":{"start":{"line":10,"column":6},"end":{"line":19,"column":7}},"type":"if","locations":[{"start":{"line":10,"column":6},"end":{"line":19,"column":7}},{"start":{},"end":{}}],"line":10},"1":{"loc":{"start":{"line":20,"column":6},"end":{"line":29,"column":7}},"type":"if","locations":[{"start":{"line":20,"column":6},"end":{"line":29,"column":7}},{"start":{},"end":{}}],"line":20},"2":{"loc":{"start":{"line":30,"column":6},"end":{"line":48,"column":7}},"type":"if","locations":[{"start":{"line":30,"column":6},"end":{"line":48,"column":7}},{"start":{"line":39,"column":13},"end":{"line":48,"column":7}}],"line":30},"3":{"loc":{"start":{"line":39,"column":13},"end":{"line":48,"column":7}},"type":"if","locations":[{"start":{"line":39,"column":13},"end":{"line":48,"column":7}},{"start":{},"end":{}}],"line":39},"4":{"loc":{"start":{"line":49,"column":6},"end":{"line":58,"column":7}},"type":"if","locations":[{"start":{"line":49,"column":6},"end":{"line":58,"column":7}},{"start":{},"end":{}}],"line":49},"5":{"loc":{"start":{"line":60,"column":6},"end":{"line":109,"column":7}},"type":"if","locations":[{"start":{"line":60,"column":6},"end":{"line":109,"column":7}},{"start":{"line":100,"column":13},"end":{"line":109,"column":7}}],"line":60},"6":{"loc":{"start":{"line":60,"column":10},"end":{"line":60,"column":50}},"type":"binary-expr","locations":[{"start":{"line":60,"column":10},"end":{"line":60,"column":31}},{"start":{"line":60,"column":35},"end":{"line":60,"column":50}}],"line":60},"7":{"loc":{"start":{"line":63,"column":8},"end":{"line":99,"column":9}},"type":"if","locations":[{"start":{"line":63,"column":8},"end":{"line":99,"column":9}},{"start":{"line":90,"column":15},"end":{"line":99,"column":9}}],"line":63},"8":{"loc":{"start":{"line":71,"column":10},"end":{"line":89,"column":11}},"type":"if","locations":[{"start":{"line":71,"column":10},"end":{"line":89,"column":11}},{"start":{"line":80,"column":17},"end":{"line":89,"column":11}}],"line":71},"9":{"loc":{"start":{"line":80,"column":17},"end":{"line":89,"column":11}},"type":"if","locations":[{"start":{"line":80,"column":17},"end":{"line":89,"column":11}},{"start":{},"end":{}}],"line":80},"10":{"loc":{"start":{"line":124,"column":6},"end":{"line":133,"column":7}},"type":"if","locations":[{"start":{"line":124,"column":6},"end":{"line":133,"column":7}},{"start":{},"end":{}}],"line":124},"11":{"loc":{"start":{"line":135,"column":6},"end":{"line":144,"column":7}},"type":"if","locations":[{"start":{"line":135,"column":6},"end":{"line":144,"column":7}},{"start":{},"end":{}}],"line":135},"12":{"loc":{"start":{"line":145,"column":6},"end":{"line":161,"column":7}},"type":"if","locations":[{"start":{"line":145,"column":6},"end":{"line":161,"column":7}},{"start":{"line":154,"column":13},"end":{"line":161,"column":7}}],"line":145},"13":{"loc":{"start":{"line":154,"column":13},"end":{"line":161,"column":7}},"type":"if","locations":[{"start":{"line":154,"column":13},"end":{"line":161,"column":7}},{"start":{},"end":{}}],"line":154},"14":{"loc":{"start":{"line":162,"column":6},"end":{"line":171,"column":7}},"type":"if","locations":[{"start":{"line":162,"column":6},"end":{"line":171,"column":7}},{"start":{},"end":{}}],"line":162},"15":{"loc":{"start":{"line":174,"column":6},"end":{"line":200,"column":7}},"type":"if","locations":[{"start":{"line":174,"column":6},"end":{"line":200,"column":7}},{"start":{"line":191,"column":13},"end":{"line":200,"column":7}}],"line":174},"16":{"loc":{"start":{"line":215,"column":6},"end":{"line":224,"column":7}},"type":"if","locations":[{"start":{"line":215,"column":6},"end":{"line":224,"column":7}},{"start":{},"end":{}}],"line":215},"17":{"loc":{"start":{"line":225,"column":6},"end":{"line":234,"column":7}},"type":"if","locations":[{"start":{"line":225,"column":6},"end":{"line":234,"column":7}},{"start":{},"end":{}}],"line":225},"18":{"loc":{"start":{"line":235,"column":6},"end":{"line":242,"column":7}},"type":"if","locations":[{"start":{"line":235,"column":6},"end":{"line":242,"column":7}},{"start":{},"end":{}}],"line":235},"19":{"loc":{"start":{"line":246,"column":6},"end":{"line":253,"column":7}},"type":"if","locations":[{"start":{"line":246,"column":6},"end":{"line":253,"column":7}},{"start":{},"end":{}}],"line":246},"20":{"loc":{"start":{"line":254,"column":6},"end":{"line":294,"column":7}},"type":"if","locations":[{"start":{"line":254,"column":6},"end":{"line":294,"column":7}},{"start":{"line":263,"column":13},"end":{"line":294,"column":7}}],"line":254},"21":{"loc":{"start":{"line":266,"column":8},"end":{"line":293,"column":9}},"type":"if","locations":[{"start":{"line":266,"column":8},"end":{"line":293,"column":9}},{"start":{"line":286,"column":15},"end":{"line":293,"column":9}}],"line":266}},"s":{"0":1,"1":1,"2":1,"3":1,"4":1,"5":0,"6":0,"7":0,"8":0,"9":0,"10":0,"11":0,"12":0,"13":0,"14":0,"15":0,"16":0,"17":0,"18":0,"19":0,"20":0,"21":0,"22":0,"23":0,"24":0,"25":0,"26":0,"27":0,"28":0,"29":0,"30":0,"31":0,"32":0,"33":0,"34":0,"35":0,"36":0,"37":0,"38":0,"39":0,"40":0,"41":0,"42":0,"43":0,"44":0,"45":0,"46":0,"47":0,"48":0,"49":0,"50":0,"51":0,"52":0,"53":0,"54":0,"55":0,"56":0,"57":0,"58":0,"59":0,"60":0,"61":0,"62":0,"63":0,"64":1},"f":{"0":0,"1":0,"2":0},"b":{"0":[0,0],"1":[0,0],"2":[0,0],"3":[0,0],"4":[0,0],"5":[0,0],"6":[0,0],"7":[0,0],"8":[0,0],"9":[0,0],"10":[0,0],"11":[0,0],"12":[0,0],"13":[0,0],"14":[0,0],"15":[0,0],"16":[0,0],"17":[0,0],"18":[0,0],"19":[0,0],"20":[0,0],"21":[0,0]},"_coverageSchema":"1a1c01bbd47fc00a2c39e90264f33305004495a9","hash":"43631f7c4617b166186ab92436427a7ded81190d"}
,"D:\\Belajar\\Synrgy\\Challenge\\Challenge 8\\Challenge 8\\services\\carService.js": {"path":"D:\\Belajar\\Synrgy\\Challenge\\Challenge 8\\Challenge 8\\services\\carService.js","statementMap":{"0":{"start":{"line":1,"column":22},"end":{"line":1,"column":62}},"1":{"start":{"line":5,"column":4},"end":{"line":93,"column":5}},"2":{"start":{"line":6,"column":6},"end":{"line":13,"column":7}},"3":{"start":{"line":7,"column":8},"end":{"line":12,"column":10}},"4":{"start":{"line":15,"column":6},"end":{"line":22,"column":7}},"5":{"start":{"line":16,"column":8},"end":{"line":21,"column":10}},"6":{"start":{"line":24,"column":6},"end":{"line":31,"column":7}},"7":{"start":{"line":25,"column":8},"end":{"line":30,"column":10}},"8":{"start":{"line":33,"column":6},"end":{"line":40,"column":7}},"9":{"start":{"line":34,"column":8},"end":{"line":39,"column":10}},"10":{"start":{"line":42,"column":6},"end":{"line":49,"column":7}},"11":{"start":{"line":43,"column":8},"end":{"line":48,"column":10}},"12":{"start":{"line":51,"column":6},"end":{"line":58,"column":7}},"13":{"start":{"line":52,"column":8},"end":{"line":57,"column":10}},"14":{"start":{"line":60,"column":6},"end":{"line":67,"column":7}},"15":{"start":{"line":61,"column":8},"end":{"line":66,"column":10}},"16":{"start":{"line":69,"column":6},"end":{"line":76,"column":7}},"17":{"start":{"line":70,"column":8},"end":{"line":75,"column":10}},"18":{"start":{"line":78,"column":25},"end":{"line":78,"column":147}},"19":{"start":{"line":80,"column":6},"end":{"line":85,"column":8}},"20":{"start":{"line":87,"column":6},"end":{"line":92,"column":8}},"21":{"start":{"line":97,"column":4},"end":{"line":112,"column":5}},"22":{"start":{"line":98,"column":25},"end":{"line":98,"column":74}},"23":{"start":{"line":99,"column":6},"end":{"line":104,"column":8}},"24":{"start":{"line":106,"column":6},"end":{"line":111,"column":8}},"25":{"start":{"line":116,"column":4},"end":{"line":131,"column":5}},"26":{"start":{"line":117,"column":25},"end":{"line":117,"column":151}},"27":{"start":{"line":118,"column":6},"end":{"line":123,"column":8}},"28":{"start":{"line":125,"column":6},"end":{"line":130,"column":8}},"29":{"start":{"line":135,"column":4},"end":{"line":150,"column":5}},"30":{"start":{"line":136,"column":21},"end":{"line":136,"column":49}},"31":{"start":{"line":137,"column":6},"end":{"line":142,"column":8}},"32":{"start":{"line":144,"column":6},"end":{"line":149,"column":8}},"33":{"start":{"line":154,"column":4},"end":{"line":169,"column":5}},"34":{"start":{"line":155,"column":27},"end":{"line":155,"column":77}},"35":{"start":{"line":156,"column":6},"end":{"line":161,"column":8}},"36":{"start":{"line":163,"column":6},"end":{"line":168,"column":8}},"37":{"start":{"line":173,"column":4},"end":{"line":188,"column":5}},"38":{"start":{"line":174,"column":21},"end":{"line":174,"column":70}},"39":{"start":{"line":175,"column":6},"end":{"line":180,"column":8}},"40":{"start":{"line":182,"column":6},"end":{"line":187,"column":8}},"41":{"start":{"line":192,"column":0},"end":{"line":192,"column":28}}},"fnMap":{"0":{"name":"(anonymous_0)","decl":{"start":{"line":4,"column":2},"end":{"line":4,"column":3}},"loc":{"start":{"line":4,"column":118},"end":{"line":94,"column":3}},"line":4},"1":{"name":"(anonymous_1)","decl":{"start":{"line":96,"column":2},"end":{"line":96,"column":3}},"loc":{"start":{"line":96,"column":45},"end":{"line":113,"column":3}},"line":96},"2":{"name":"(anonymous_2)","decl":{"start":{"line":115,"column":2},"end":{"line":115,"column":3}},"loc":{"start":{"line":115,"column":122},"end":{"line":132,"column":3}},"line":115},"3":{"name":"(anonymous_3)","decl":{"start":{"line":134,"column":2},"end":{"line":134,"column":3}},"loc":{"start":{"line":134,"column":24},"end":{"line":151,"column":3}},"line":134},"4":{"name":"(anonymous_4)","decl":{"start":{"line":153,"column":2},"end":{"line":153,"column":3}},"loc":{"start":{"line":153,"column":46},"end":{"line":170,"column":3}},"line":153},"5":{"name":"(anonymous_5)","decl":{"start":{"line":172,"column":2},"end":{"line":172,"column":3}},"loc":{"start":{"line":172,"column":45},"end":{"line":189,"column":3}},"line":172}},"branchMap":{"0":{"loc":{"start":{"line":6,"column":6},"end":{"line":13,"column":7}},"type":"if","locations":[{"start":{"line":6,"column":6},"end":{"line":13,"column":7}},{"start":{},"end":{}}],"line":6},"1":{"loc":{"start":{"line":15,"column":6},"end":{"line":22,"column":7}},"type":"if","locations":[{"start":{"line":15,"column":6},"end":{"line":22,"column":7}},{"start":{},"end":{}}],"line":15},"2":{"loc":{"start":{"line":24,"column":6},"end":{"line":31,"column":7}},"type":"if","locations":[{"start":{"line":24,"column":6},"end":{"line":31,"column":7}},{"start":{},"end":{}}],"line":24},"3":{"loc":{"start":{"line":33,"column":6},"end":{"line":40,"column":7}},"type":"if","locations":[{"start":{"line":33,"column":6},"end":{"line":40,"column":7}},{"start":{},"end":{}}],"line":33},"4":{"loc":{"start":{"line":42,"column":6},"end":{"line":49,"column":7}},"type":"if","locations":[{"start":{"line":42,"column":6},"end":{"line":49,"column":7}},{"start":{},"end":{}}],"line":42},"5":{"loc":{"start":{"line":51,"column":6},"end":{"line":58,"column":7}},"type":"if","locations":[{"start":{"line":51,"column":6},"end":{"line":58,"column":7}},{"start":{},"end":{}}],"line":51},"6":{"loc":{"start":{"line":60,"column":6},"end":{"line":67,"column":7}},"type":"if","locations":[{"start":{"line":60,"column":6},"end":{"line":67,"column":7}},{"start":{},"end":{}}],"line":60},"7":{"loc":{"start":{"line":69,"column":6},"end":{"line":76,"column":7}},"type":"if","locations":[{"start":{"line":69,"column":6},"end":{"line":76,"column":7}},{"start":{},"end":{}}],"line":69}},"s":{"0":1,"1":0,"2":0,"3":0,"4":0,"5":0,"6":0,"7":0,"8":0,"9":0,"10":0,"11":0,"12":0,"13":0,"14":0,"15":0,"16":0,"17":0,"18":0,"19":0,"20":0,"21":0,"22":0,"23":0,"24":0,"25":0,"26":0,"27":0,"28":0,"29":0,"30":0,"31":0,"32":0,"33":0,"34":0,"35":0,"36":0,"37":0,"38":0,"39":0,"40":0,"41":1},"f":{"0":0,"1":0,"2":0,"3":0,"4":0,"5":0},"b":{"0":[0,0],"1":[0,0],"2":[0,0],"3":[0,0],"4":[0,0],"5":[0,0],"6":[0,0],"7":[0,0]},"_coverageSchema":"1a1c01bbd47fc00a2c39e90264f33305004495a9","hash":"62240683e849940424b97eedd15e8ef61bc6be02"}
,"D:\\Belajar\\Synrgy\\Challenge\\Challenge 8\\Challenge 8\\services\\userService.js": {"path":"D:\\Belajar\\Synrgy\\Challenge\\Challenge 8\\Challenge 8\\services\\userService.js","statementMap":{"0":{"start":{"line":1,"column":23},"end":{"line":1,"column":64}},"1":{"start":{"line":5,"column":4},"end":{"line":23,"column":5}},"2":{"start":{"line":6,"column":22},"end":{"line":8,"column":8}},"3":{"start":{"line":10,"column":6},"end":{"line":15,"column":8}},"4":{"start":{"line":17,"column":6},"end":{"line":22,"column":8}},"5":{"start":{"line":27,"column":4},"end":{"line":61,"column":5}},"6":{"start":{"line":28,"column":22},"end":{"line":28,"column":58}},"7":{"start":{"line":30,"column":6},"end":{"line":38,"column":10}},"8":{"start":{"line":31,"column":8},"end":{"line":38,"column":10}},"9":{"start":{"line":40,"column":25},"end":{"line":42,"column":8}},"10":{"start":{"line":44,"column":6},"end":{"line":51,"column":8}},"11":{"start":{"line":53,"column":6},"end":{"line":60,"column":8}},"12":{"start":{"line":65,"column":0},"end":{"line":65,"column":29}}},"fnMap":{"0":{"name":"(anonymous_0)","decl":{"start":{"line":4,"column":2},"end":{"line":4,"column":3}},"loc":{"start":{"line":4,"column":30},"end":{"line":24,"column":3}},"line":4},"1":{"name":"(anonymous_1)","decl":{"start":{"line":26,"column":2},"end":{"line":26,"column":3}},"loc":{"start":{"line":26,"column":34},"end":{"line":62,"column":3}},"line":26}},"branchMap":{"0":{"loc":{"start":{"line":30,"column":6},"end":{"line":38,"column":10}},"type":"if","locations":[{"start":{"line":30,"column":6},"end":{"line":38,"column":10}},{"start":{},"end":{}}],"line":30}},"s":{"0":1,"1":0,"2":0,"3":0,"4":0,"5":0,"6":0,"7":0,"8":0,"9":0,"10":0,"11":0,"12":1},"f":{"0":0,"1":0},"b":{"0":[0,0]},"_coverageSchema":"1a1c01bbd47fc00a2c39e90264f33305004495a9","hash":"6958f89fd650ac5eb5058ea5860f2cacbc1f84fe"}
,"D:\\Belajar\\Synrgy\\Challenge\\Challenge 8\\Challenge 8\\utils\\swaggerOptions.js": {"path":"D:\\Belajar\\Synrgy\\Challenge\\Challenge 8\\Challenge 8\\utils\\swaggerOptions.js","statementMap":{"0":{"start":{"line":1,"column":0},"end":{"line":15,"column":2}}},"fnMap":{},"branchMap":{},"s":{"0":1},"f":{},"b":{},"_coverageSchema":"1a1c01bbd47fc00a2c39e90264f33305004495a9","hash":"b84761407ca260f187b6649ca90efa9975c6d441"}
}
